<?xml version="1.0" encoding="UTF-8"?>
<!-- Generated by org.testng.reporters.JUnitReportReporter -->
<testsuite skipped="0" hostname="YUVA-PC" name="Tests.validateSignInDetails" tests="1" failures="0" timestamp="08 Sep 2020 18:33:06 GMT" time="2.647" errors="0">
  <testcase name="to_validate_User" time="2.647" classname="Tests.validateSignInDetails"/>
</testsuite> <!-- Tests.validateSignInDetails -->
