<?xml version="1.0" encoding="UTF-8"?>
<!-- Generated by org.testng.reporters.JUnitReportReporter -->
<testsuite skipped="0" hostname="YUVA-PC" name="Tests.toVerify" tests="1" failures="0" timestamp="08 Sep 2020 18:33:06 GMT" time="16.880" errors="0">
  <testcase name="AddPromise" time="16.880" classname="Tests.toVerify"/>
</testsuite> <!-- Tests.toVerify -->
