<?xml version="1.0" encoding="UTF-8"?>
<!-- Generated by org.testng.reporters.JUnitReportReporter -->
<testsuite skipped="0" hostname="YUVA-PC" name="Tests.AddPromise" tests="1" failures="0" timestamp="08 Sep 2020 18:33:06 GMT" time="12.177" errors="0">
  <testcase name="AddPromise" time="12.177" classname="Tests.AddPromise"/>
</testsuite> <!-- Tests.AddPromise -->
