<?xml version="1.0" encoding="UTF-8"?>
<!-- Generated by org.testng.reporters.JUnitReportReporter -->
<testsuite skipped="0" hostname="YUVA-PC" name="Tests.validateTitle" tests="1" failures="0" timestamp="29 Jul 2020 04:54:52 GMT" time="0.216" errors="0">
  <testcase name="basePagenavigation" time="0.216" classname="Tests.validateTitle"/>
</testsuite> <!-- Tests.validateTitle -->
