<?xml version="1.0" encoding="UTF-8"?>
<!-- Generated by org.testng.reporters.JUnitReportReporter -->
<testsuite skipped="0" hostname="YUVA-PC" name="Tests.HomePage" tests="1" failures="0" timestamp="08 Sep 2020 18:33:06 GMT" time="0.706" errors="0">
  <testcase name="basePagenavigation" time="0.706" classname="Tests.HomePage"/>
</testsuite> <!-- Tests.HomePage -->
